<?xml version="1.0" encoding="UTF-8"?>
<!-- Generated by org.testng.reporters.JUnitReportReporter -->
<testsuite skipped="0" hostname="vetsodi10014387" name="Utility.Report" tests="2" failures="0" timestamp="03 Apr 2025 14:53:44 GMT" time="123.644" errors="0">
  <testcase name="Launch_Browser" time="88.428" classname="Utility.Report"/>
  <testcase name="team_activity_analytics_report" time="35.216" classname="Utility.Report"/>
</testsuite> <!-- Utility.Report -->
